[2024-12-23T12:42:15.093+0000] {taskinstance.py:1956} INFO - Dependencies all met for dep_context=non-requeueable deps ti=<TaskInstance: weather_dag.linear_regression manual__2024-12-23T12:42:03.863629+00:00 [queued]>
[2024-12-23T12:42:15.100+0000] {taskinstance.py:1956} INFO - Dependencies all met for dep_context=requeueable deps ti=<TaskInstance: weather_dag.linear_regression manual__2024-12-23T12:42:03.863629+00:00 [queued]>
[2024-12-23T12:42:15.100+0000] {taskinstance.py:2170} INFO - Starting attempt 1 of 3
[2024-12-23T12:42:15.112+0000] {taskinstance.py:2191} INFO - Executing <Task(PythonOperator): linear_regression> on 2024-12-23 12:42:03.863629+00:00
[2024-12-23T12:42:15.121+0000] {standard_task_runner.py:60} INFO - Started process 12719 to run task
[2024-12-23T12:42:15.124+0000] {standard_task_runner.py:87} INFO - Running: ['***', 'tasks', 'run', 'weather_dag', 'linear_regression', 'manual__2024-12-23T12:42:03.863629+00:00', '--job-id', '243', '--raw', '--subdir', 'DAGS_FOLDER/extract.py', '--cfg-path', '/tmp/tmpnsq1mtl6']
[2024-12-23T12:42:15.125+0000] {standard_task_runner.py:88} INFO - Job 243: Subtask linear_regression
[2024-12-23T12:42:15.140+0000] {warnings.py:109} WARNING - /home/***/.local/lib/python3.8/site-packages/***/settings.py:194: DeprecationWarning: The sql_alchemy_conn option in [core] has been moved to the sql_alchemy_conn option in [database] - the old setting has been used, but please update your config.
  SQL_ALCHEMY_CONN = conf.get("database", "SQL_ALCHEMY_CONN")

[2024-12-23T12:42:15.172+0000] {task_command.py:423} INFO - Running <TaskInstance: weather_dag.linear_regression manual__2024-12-23T12:42:03.863629+00:00 [running]> on host b853fb0270cd
[2024-12-23T12:42:15.251+0000] {taskinstance.py:2480} INFO - Exporting env vars: AIRFLOW_CTX_DAG_EMAIL='thiernosidybah232@gmail.com' AIRFLOW_CTX_DAG_OWNER='***' AIRFLOW_CTX_DAG_ID='weather_dag' AIRFLOW_CTX_TASK_ID='linear_regression' AIRFLOW_CTX_EXECUTION_DATE='2024-12-23T12:42:03.863629+00:00' AIRFLOW_CTX_TRY_NUMBER='1' AIRFLOW_CTX_DAG_RUN_ID='manual__2024-12-23T12:42:03.863629+00:00'
[2024-12-23T12:42:15.299+0000] {python.py:201} INFO - Done. Returned value was: LinearRegression()
[2024-12-23T12:42:15.315+0000] {xcom.py:664} ERROR - Object of type LinearRegression is not JSON serializable. If you are using pickle instead of JSON for XCom, then you need to enable pickle support for XCom in your *** config or make sure to decorate your object with attr.
[2024-12-23T12:42:15.317+0000] {taskinstance.py:2698} ERROR - Task failed with exception
Traceback (most recent call last):
  File "/home/airflow/.local/lib/python3.8/site-packages/airflow/utils/json.py", line 91, in default
    return serialize(o)
  File "/home/airflow/.local/lib/python3.8/site-packages/airflow/serialization/serde.py", line 180, in serialize
    raise TypeError(f"cannot serialize object of type {cls}")
TypeError: cannot serialize object of type <class 'sklearn.linear_model._base.LinearRegression'>

During handling of the above exception, another exception occurred:

Traceback (most recent call last):
  File "/home/airflow/.local/lib/python3.8/site-packages/airflow/models/taskinstance.py", line 440, in _execute_task
    task_instance.xcom_push(key=XCOM_RETURN_KEY, value=xcom_value, session=session)
  File "/home/airflow/.local/lib/python3.8/site-packages/airflow/utils/session.py", line 76, in wrapper
    return func(*args, **kwargs)
  File "/home/airflow/.local/lib/python3.8/site-packages/airflow/models/taskinstance.py", line 2980, in xcom_push
    XCom.set(
  File "/home/airflow/.local/lib/python3.8/site-packages/airflow/utils/session.py", line 76, in wrapper
    return func(*args, **kwargs)
  File "/home/airflow/.local/lib/python3.8/site-packages/airflow/models/xcom.py", line 247, in set
    value = cls.serialize_value(
  File "/home/airflow/.local/lib/python3.8/site-packages/airflow/models/xcom.py", line 662, in serialize_value
    return json.dumps(value, cls=XComEncoder).encode("UTF-8")
  File "/usr/local/lib/python3.8/json/__init__.py", line 234, in dumps
    return cls(
  File "/home/airflow/.local/lib/python3.8/site-packages/airflow/utils/json.py", line 104, in encode
    return super().encode(o)
  File "/usr/local/lib/python3.8/json/encoder.py", line 199, in encode
    chunks = self.iterencode(o, _one_shot=True)
  File "/usr/local/lib/python3.8/json/encoder.py", line 257, in iterencode
    return _iterencode(o, 0)
  File "/home/airflow/.local/lib/python3.8/site-packages/airflow/utils/json.py", line 93, in default
    return super().default(o)
  File "/usr/local/lib/python3.8/json/encoder.py", line 179, in default
    raise TypeError(f'Object of type {o.__class__.__name__} '
TypeError: Object of type LinearRegression is not JSON serializable
[2024-12-23T12:42:15.326+0000] {taskinstance.py:1138} INFO - Marking task as UP_FOR_RETRY. dag_id=weather_dag, task_id=linear_regression, execution_date=20241223T124203, start_date=20241223T124215, end_date=20241223T124215
[2024-12-23T12:42:15.336+0000] {standard_task_runner.py:107} ERROR - Failed to execute job 243 for task linear_regression (Object of type LinearRegression is not JSON serializable; 12719)
[2024-12-23T12:42:15.376+0000] {local_task_job_runner.py:234} INFO - Task exited with return code 1
[2024-12-23T12:42:15.401+0000] {taskinstance.py:3280} INFO - 0 downstream tasks scheduled from follow-on schedule check
